Using pre-set license
Built from '2021.3/staging' branch; Version is '2021.3.11f1 (0a5ca18544bf) revision 679073'; Using compiler version '192829333'; Build Type 'Release'
OS: 'Windows 11  (10.0.22000) 64bit Core' Language: 'en' Physical Memory: 15789 MB
BatchMode: 1, IsHumanControllingUs: 0, StartBugReporterOnCrash: 0, Is64bit: 1, IsPro: 1

COMMAND LINE ARGUMENTS:
C:\Program Files\Unity\Hub\Editor\2021.3.11f1\Editor\Unity.exe
-adb2
-batchMode
-noUpm
-name
AssetImportWorker0
-projectPath
C:/Users/npfan/Documents/GitHub/BoardGame/BoardGame
-logFile
Logs/AssetImportWorker0.log
-srvPort
55641
Successfully changed project path to: C:/Users/npfan/Documents/GitHub/BoardGame/BoardGame
C:/Users/npfan/Documents/GitHub/BoardGame/BoardGame
[UnityMemory] Configuration Parameters - Can be set up in boot.config
    "memorysetup-bucket-allocator-granularity=16"
    "memorysetup-bucket-allocator-bucket-count=8"
    "memorysetup-bucket-allocator-block-size=33554432"
    "memorysetup-bucket-allocator-block-count=8"
    "memorysetup-main-allocator-block-size=16777216"
    "memorysetup-thread-allocator-block-size=16777216"
    "memorysetup-gfx-main-allocator-block-size=16777216"
    "memorysetup-gfx-thread-allocator-block-size=16777216"
    "memorysetup-cache-allocator-block-size=4194304"
    "memorysetup-typetree-allocator-block-size=2097152"
    "memorysetup-profiler-bucket-allocator-granularity=16"
    "memorysetup-profiler-bucket-allocator-bucket-count=8"
    "memorysetup-profiler-bucket-allocator-block-size=33554432"
    "memorysetup-profiler-bucket-allocator-block-count=8"
    "memorysetup-profiler-allocator-block-size=16777216"
    "memorysetup-profiler-editor-allocator-block-size=1048576"
    "memorysetup-temp-allocator-size-main=16777216"
    "memorysetup-job-temp-allocator-block-size=2097152"
    "memorysetup-job-temp-allocator-block-size-background=1048576"
    "memorysetup-job-temp-allocator-reduction-small-platforms=262144"
    "memorysetup-temp-allocator-size-background-worker=32768"
    "memorysetup-temp-allocator-size-job-worker=262144"
    "memorysetup-temp-allocator-size-preload-manager=33554432"
    "memorysetup-temp-allocator-size-nav-mesh-worker=65536"
    "memorysetup-temp-allocator-size-audio-worker=65536"
    "memorysetup-temp-allocator-size-cloud-worker=32768"
    "memorysetup-temp-allocator-size-gi-baking-worker=262144"
    "memorysetup-temp-allocator-size-gfx=262144"
Refreshing native plugins compatible for Editor in 339.63 ms, found 16 plugins.
Preloading 2 native plugins for Editor in 13.10 ms.
Initialize engine version: 2021.3.11f1 (0a5ca18544bf)
[Subsystems] Discovering subsystems at path C:/Program Files/Unity/Hub/Editor/2021.3.11f1/Editor/Data/Resources/UnitySubsystems
[Subsystems] Discovering subsystems at path C:/Users/npfan/Documents/GitHub/BoardGame/BoardGame/Assets
GfxDevice: creating device client; threaded=0; jobified=0
Direct3D:
    Version:  Direct3D 11.0 [level 11.1]
    Renderer: NVIDIA GeForce RTX 2060 with Max-Q Design (ID=0x1f12)
    Vendor:   NVIDIA
    VRAM:     5980 MB
    Driver:   31.0.15.1659
Shader 'Oculus/OVRMRCameraFrameLit': fallback shader 'Alpha-Diffuse' not found
Initialize mono
Mono path[0] = 'C:/Program Files/Unity/Hub/Editor/2021.3.11f1/Editor/Data/Managed'
Mono path[1] = 'C:/Program Files/Unity/Hub/Editor/2021.3.11f1/Editor/Data/MonoBleedingEdge/lib/mono/unityjit-win32'
Mono config path = 'C:/Program Files/Unity/Hub/Editor/2021.3.11f1/Editor/Data/MonoBleedingEdge/etc'
Using monoOptions --debugger-agent=transport=dt_socket,embedding=1,server=y,suspend=n,address=127.0.0.1:56684
Begin MonoManager ReloadAssembly
Registering precompiled unity dll's ...
Register platform support module: C:/Program Files/Unity/Hub/Editor/2021.3.11f1/Editor/Data/PlaybackEngines/AndroidPlayer/UnityEditor.Android.Extensions.dll
Register platform support module: C:/Program Files/Unity/Hub/Editor/2021.3.11f1/Editor/Data/PlaybackEngines/WindowsStandaloneSupport/UnityEditor.WindowsStandalone.Extensions.dll
Registered in 0.007632 seconds.
Native extension for WindowsStandalone target not found
Native extension for Android target not found
Refreshing native plugins compatible for Editor in 298.40 ms, found 16 plugins.
Preloading 2 native plugins for Editor in 0.31 ms.
Mono: successfully reloaded assembly
- Completed reload, in  1.220 seconds
Domain Reload Profiling:
	ReloadAssembly (1221ms)
		BeginReloadAssembly (146ms)
			ExecutionOrderSort (0ms)
			DisableScriptedObjects (0ms)
			BackupInstance (0ms)
			ReleaseScriptingObjects (0ms)
			CreateAndSetChildDomain (1ms)
		EndReloadAssembly (901ms)
			LoadAssemblies (143ms)
			RebuildTransferFunctionScriptingTraits (0ms)
			SetupTypeCache (159ms)
			ReleaseScriptCaches (0ms)
			RebuildScriptCaches (42ms)
			SetupLoadedEditorAssemblies (623ms)
				LogAssemblyErrors (0ms)
				InitializePlatformSupportModulesInManaged (92ms)
				SetLoadedEditorAssemblies (0ms)
				RefreshPlugins (299ms)
				BeforeProcessingInitializeOnLoad (2ms)
				ProcessInitializeOnLoadAttributes (167ms)
				ProcessInitializeOnLoadMethodAttributes (63ms)
				AfterProcessingInitializeOnLoad (0ms)
				EditorAssembliesLoaded (0ms)
			ExecutionOrderSort2 (0ms)
			AwakeInstancesAfterBackupRestoration (0ms)
Platform modules already initialized, skipping
Registering precompiled user dll's ...
Registered in 0.022877 seconds.
Android Extension - Scanning For ADB Devices 5449 ms
Begin MonoManager ReloadAssembly
Symbol file LoadedFromMemory doesn't match image C:\Users\npfan\Documents\GitHub\BoardGame\BoardGame\Library\PackageCache\com.unity.visualscripting@1.7.8\Editor\VisualScripting.Core\Dependencies\DotNetZip\Unity.VisualScripting.IonicZip.dll
Symbol file LoadedFromMemory doesn't match image C:\Users\npfan\Documents\GitHub\BoardGame\BoardGame\Library\PackageCache\com.unity.visualscripting@1.7.8\Editor\VisualScripting.Core\Dependencies\YamlDotNet\Unity.VisualScripting.YamlDotNet.dll
Native extension for WindowsStandalone target not found
Native extension for Android target not found
Refreshing native plugins compatible for Editor in 208.22 ms, found 16 plugins.
Preloading 2 native plugins for Editor in 0.17 ms.
Package Manager log level set to [2]
[XR] OculusXRPlugin: registering subsystems
[XR] Unable to register display lifecyle provider: [1]
[XR] Oculus Input lifecycle provider registered.
[XR] Unable to register input lifecyle provider: [1]
[XR] OVRP version 1.75.0
Mono: successfully reloaded assembly
- Completed reload, in  2.508 seconds
Domain Reload Profiling:
	ReloadAssembly (2509ms)
		BeginReloadAssembly (162ms)
			ExecutionOrderSort (0ms)
			DisableScriptedObjects (12ms)
			BackupInstance (0ms)
			ReleaseScriptingObjects (0ms)
			CreateAndSetChildDomain (29ms)
		EndReloadAssembly (2121ms)
			LoadAssemblies (298ms)
			RebuildTransferFunctionScriptingTraits (0ms)
			SetupTypeCache (551ms)
			ReleaseScriptCaches (1ms)
			RebuildScriptCaches (161ms)
			SetupLoadedEditorAssemblies (997ms)
				LogAssemblyErrors (0ms)
				InitializePlatformSupportModulesInManaged (20ms)
				SetLoadedEditorAssemblies (0ms)
				RefreshPlugins (208ms)
				BeforeProcessingInitializeOnLoad (195ms)
				ProcessInitializeOnLoadAttributes (423ms)
				ProcessInitializeOnLoadMethodAttributes (138ms)
				AfterProcessingInitializeOnLoad (12ms)
				EditorAssembliesLoaded (0ms)
			ExecutionOrderSort2 (0ms)
			AwakeInstancesAfterBackupRestoration (9ms)
Platform modules already initialized, skipping
========================================================================
Worker process is ready to serve import requests
Shader 'Oculus/OVRMRCameraFrameLit': fallback shader 'Alpha-Diffuse' not found
Launched and connected shader compiler UnityShaderCompiler.exe after 0.07 seconds
Refreshing native plugins compatible for Editor in 3.22 ms, found 16 plugins.
Preloading 2 native plugins for Editor in 0.23 ms.
Unloading 7165 Unused Serialized files (Serialized files now loaded: 0)
Unloading 126 unused Assets / (0.8 MB). Loaded Objects now: 7535.
Memory consumption went from 281.7 MB to 280.9 MB.
Total: 5.857100 ms (FindLiveObjects: 0.617600 ms CreateObjectMapping: 0.278000 ms MarkObjects: 4.501100 ms  DeleteObjects: 0.459100 ms)

AssetImportParameters requested are different than current active one (requested -> active):
  custom:video-decoder-ogg-theora: a1e56fd34408186e4bbccfd4996cb3dc -> 
  custom:container-muxer-webm: aa71ff27fc2769a1b78a27578f13a17b -> 
  custom:container-demuxer-webm: 4f35f7cbe854078d1ac9338744f61a02 -> 
  custom:video-encoder-webm-vp8: eb34c28f22e8b96e1ab97ce403110664 -> 
  custom:video-codec-MediaFoundation-h265: 746d11721c4dcdbdad8f713fa42b33f4 -> 
  custom:audio-encoder-webm-vorbis: bf7c407c2cedff20999df2af8eb42d56 -> 
  custom:framework-win-MediaFoundation: 216162199b28c13a410421893ffa2e32 -> 
  custom:container-demuxer-ogg: 62fdf1f143b41e24485cea50d1cbac27 -> 
  custom:video-decoder-webm-vp8: 9c59270c3fd7afecdb556c50c9e8de78 -> 
  custom:audio-decoder-ogg-vorbis: bf7c407c2cedff20999df2af8eb42d56 -> 
========================================================================
Received Import Request.
  Time since last request: 2831912.686213 seconds.
  path: Assets/Resources/OculusPlatformSettings.asset
  artifactKey: Guid(6859fd7427e3b5842bf4a78dff974aeb) Importer(815301076,1909f56bfc062723c751e8b465ee728b)
Start importing Assets/Resources/OculusPlatformSettings.asset using Guid(6859fd7427e3b5842bf4a78dff974aeb) Importer(815301076,1909f56bfc062723c751e8b465ee728b)  -> (artifact id: 'ce01482a51effcebdcb829b00f19baba') in 0.051623 seconds 
========================================================================
Received Prepare
Registering precompiled user dll's ...
Registered in 0.025278 seconds.
Begin MonoManager ReloadAssembly
Symbol file LoadedFromMemory doesn't match image C:\Users\npfan\Documents\GitHub\BoardGame\BoardGame\Library\PackageCache\com.unity.visualscripting@1.7.8\Editor\VisualScripting.Core\Dependencies\DotNetZip\Unity.VisualScripting.IonicZip.dll
Symbol file LoadedFromMemory doesn't match image C:\Users\npfan\Documents\GitHub\BoardGame\BoardGame\Library\PackageCache\com.unity.visualscripting@1.7.8\Editor\VisualScripting.Core\Dependencies\YamlDotNet\Unity.VisualScripting.YamlDotNet.dll
Native extension for WindowsStandalone target not found
Native extension for Android target not found
Refreshing native plugins compatible for Editor in 2.76 ms, found 16 plugins.
Preloading 2 native plugins for Editor in 0.21 ms.
Mono: successfully reloaded assembly
- Completed reload, in  2.061 seconds
Domain Reload Profiling:
	ReloadAssembly (2062ms)
		BeginReloadAssembly (214ms)
			ExecutionOrderSort (0ms)
			DisableScriptedObjects (8ms)
			BackupInstance (0ms)
			ReleaseScriptingObjects (0ms)
			CreateAndSetChildDomain (67ms)
		EndReloadAssembly (1679ms)
			LoadAssemblies (174ms)
			RebuildTransferFunctionScriptingTraits (0ms)
			SetupTypeCache (502ms)
			ReleaseScriptCaches (2ms)
			RebuildScriptCaches (82ms)
			SetupLoadedEditorAssemblies (825ms)
				LogAssemblyErrors (0ms)
				InitializePlatformSupportModulesInManaged (35ms)
				SetLoadedEditorAssemblies (1ms)
				RefreshPlugins (3ms)
				BeforeProcessingInitializeOnLoad (182ms)
				ProcessInitializeOnLoadAttributes (453ms)
				ProcessInitializeOnLoadMethodAttributes (143ms)
				AfterProcessingInitializeOnLoad (7ms)
				EditorAssembliesLoaded (0ms)
			ExecutionOrderSort2 (0ms)
			AwakeInstancesAfterBackupRestoration (10ms)
Platform modules already initialized, skipping
Shader 'Oculus/OVRMRCameraFrameLit': fallback shader 'Alpha-Diffuse' not found
Refreshing native plugins compatible for Editor in 13.36 ms, found 16 plugins.
Preloading 2 native plugins for Editor in 0.12 ms.
Unloading 6940 Unused Serialized files (Serialized files now loaded: 0)
Unloading 117 unused Assets / (0.8 MB). Loaded Objects now: 7541.
Memory consumption went from 265.0 MB to 264.2 MB.
Total: 5.228600 ms (FindLiveObjects: 0.682700 ms CreateObjectMapping: 0.532500 ms MarkObjects: 3.592300 ms  DeleteObjects: 0.419500 ms)

AssetImportParameters requested are different than current active one (requested -> active):
  custom:video-decoder-ogg-theora: a1e56fd34408186e4bbccfd4996cb3dc -> 
  custom:container-muxer-webm: aa71ff27fc2769a1b78a27578f13a17b -> 
  custom:container-demuxer-webm: 4f35f7cbe854078d1ac9338744f61a02 -> 
  custom:video-encoder-webm-vp8: eb34c28f22e8b96e1ab97ce403110664 -> 
  custom:video-codec-MediaFoundation-h265: 746d11721c4dcdbdad8f713fa42b33f4 -> 
  custom:audio-encoder-webm-vorbis: bf7c407c2cedff20999df2af8eb42d56 -> 
  custom:framework-win-MediaFoundation: 216162199b28c13a410421893ffa2e32 -> 
  custom:container-demuxer-ogg: 62fdf1f143b41e24485cea50d1cbac27 -> 
  custom:video-decoder-webm-vp8: 9c59270c3fd7afecdb556c50c9e8de78 -> 
  custom:audio-decoder-ogg-vorbis: bf7c407c2cedff20999df2af8eb42d56 -> 
========================================================================
Received Import Request.
  Time since last request: 42.349825 seconds.
  path: Assets/Resources/ONSPSettings.asset
  artifactKey: Guid(1640e585cc6fb7b438ddcd32888f91fb) Importer(815301076,1909f56bfc062723c751e8b465ee728b)
Start importing Assets/Resources/ONSPSettings.asset using Guid(1640e585cc6fb7b438ddcd32888f91fb) Importer(815301076,1909f56bfc062723c751e8b465ee728b)  -> (artifact id: '5e2d0dcab718021d407c820b0137716f') in 0.025486 seconds 
========================================================================
Received Prepare
Registering precompiled user dll's ...
Registered in 0.025848 seconds.
Begin MonoManager ReloadAssembly
Symbol file LoadedFromMemory doesn't match image C:\Users\npfan\Documents\GitHub\BoardGame\BoardGame\Library\PackageCache\com.unity.visualscripting@1.7.8\Editor\VisualScripting.Core\Dependencies\DotNetZip\Unity.VisualScripting.IonicZip.dll
Symbol file LoadedFromMemory doesn't match image C:\Users\npfan\Documents\GitHub\BoardGame\BoardGame\Library\PackageCache\com.unity.visualscripting@1.7.8\Editor\VisualScripting.Core\Dependencies\YamlDotNet\Unity.VisualScripting.YamlDotNet.dll
Native extension for WindowsStandalone target not found
Native extension for Android target not found
Refreshing native plugins compatible for Editor in 1.86 ms, found 16 plugins.
Preloading 2 native plugins for Editor in 0.14 ms.
Mono: successfully reloaded assembly
- Completed reload, in  1.575 seconds
Domain Reload Profiling:
	ReloadAssembly (1576ms)
		BeginReloadAssembly (232ms)
			ExecutionOrderSort (0ms)
			DisableScriptedObjects (7ms)
			BackupInstance (0ms)
			ReleaseScriptingObjects (0ms)
			CreateAndSetChildDomain (82ms)
		EndReloadAssembly (1225ms)
			LoadAssemblies (134ms)
			RebuildTransferFunctionScriptingTraits (0ms)
			SetupTypeCache (372ms)
			ReleaseScriptCaches (2ms)
			RebuildScriptCaches (48ms)
			SetupLoadedEditorAssemblies (623ms)
				LogAssemblyErrors (0ms)
				InitializePlatformSupportModulesInManaged (22ms)
				SetLoadedEditorAssemblies (0ms)
				RefreshPlugins (2ms)
				BeforeProcessingInitializeOnLoad (99ms)
				ProcessInitializeOnLoadAttributes (376ms)
				ProcessInitializeOnLoadMethodAttributes (111ms)
				AfterProcessingInitializeOnLoad (12ms)
				EditorAssembliesLoaded (0ms)
			ExecutionOrderSort2 (0ms)
			AwakeInstancesAfterBackupRestoration (12ms)
Platform modules already initialized, skipping
Shader 'Oculus/OVRMRCameraFrameLit': fallback shader 'Alpha-Diffuse' not found
Refreshing native plugins compatible for Editor in 11.88 ms, found 16 plugins.
Preloading 2 native plugins for Editor in 0.10 ms.
Unloading 6940 Unused Serialized files (Serialized files now loaded: 0)
Unloading 117 unused Assets / (0.8 MB). Loaded Objects now: 7546.
Memory consumption went from 265.0 MB to 264.3 MB.
Total: 4.977200 ms (FindLiveObjects: 0.691700 ms CreateObjectMapping: 0.390900 ms MarkObjects: 3.512400 ms  DeleteObjects: 0.380900 ms)

AssetImportParameters requested are different than current active one (requested -> active):
  custom:video-decoder-ogg-theora: a1e56fd34408186e4bbccfd4996cb3dc -> 
  custom:container-muxer-webm: aa71ff27fc2769a1b78a27578f13a17b -> 
  custom:container-demuxer-webm: 4f35f7cbe854078d1ac9338744f61a02 -> 
  custom:video-encoder-webm-vp8: eb34c28f22e8b96e1ab97ce403110664 -> 
  custom:video-codec-MediaFoundation-h265: 746d11721c4dcdbdad8f713fa42b33f4 -> 
  custom:audio-encoder-webm-vorbis: bf7c407c2cedff20999df2af8eb42d56 -> 
  custom:framework-win-MediaFoundation: 216162199b28c13a410421893ffa2e32 -> 
  custom:container-demuxer-ogg: 62fdf1f143b41e24485cea50d1cbac27 -> 
  custom:video-decoder-webm-vp8: 9c59270c3fd7afecdb556c50c9e8de78 -> 
  custom:audio-decoder-ogg-vorbis: bf7c407c2cedff20999df2af8eb42d56 -> 
========================================================================
Received Prepare
Registering precompiled user dll's ...
Registered in 0.021858 seconds.
Begin MonoManager ReloadAssembly
Symbol file LoadedFromMemory doesn't match image C:\Users\npfan\Documents\GitHub\BoardGame\BoardGame\Library\PackageCache\com.unity.visualscripting@1.7.8\Editor\VisualScripting.Core\Dependencies\DotNetZip\Unity.VisualScripting.IonicZip.dll
Symbol file LoadedFromMemory doesn't match image C:\Users\npfan\Documents\GitHub\BoardGame\BoardGame\Library\PackageCache\com.unity.visualscripting@1.7.8\Editor\VisualScripting.Core\Dependencies\YamlDotNet\Unity.VisualScripting.YamlDotNet.dll
Native extension for WindowsStandalone target not found
Native extension for Android target not found
Refreshing native plugins compatible for Editor in 3.17 ms, found 16 plugins.
Preloading 2 native plugins for Editor in 0.21 ms.
Mono: successfully reloaded assembly
- Completed reload, in  2.143 seconds
Domain Reload Profiling:
	ReloadAssembly (2144ms)
		BeginReloadAssembly (226ms)
			ExecutionOrderSort (0ms)
			DisableScriptedObjects (9ms)
			BackupInstance (0ms)
			ReleaseScriptingObjects (0ms)
			CreateAndSetChildDomain (67ms)
		EndReloadAssembly (1757ms)
			LoadAssemblies (170ms)
			RebuildTransferFunctionScriptingTraits (0ms)
			SetupTypeCache (597ms)
			ReleaseScriptCaches (2ms)
			RebuildScriptCaches (90ms)
			SetupLoadedEditorAssemblies (823ms)
				LogAssemblyErrors (0ms)
				InitializePlatformSupportModulesInManaged (33ms)
				SetLoadedEditorAssemblies (1ms)
				RefreshPlugins (3ms)
				BeforeProcessingInitializeOnLoad (191ms)
				ProcessInitializeOnLoadAttributes (398ms)
				ProcessInitializeOnLoadMethodAttributes (178ms)
				AfterProcessingInitializeOnLoad (19ms)
				EditorAssembliesLoaded (0ms)
			ExecutionOrderSort2 (0ms)
			AwakeInstancesAfterBackupRestoration (9ms)
Platform modules already initialized, skipping
Shader 'Oculus/OVRMRCameraFrameLit': fallback shader 'Alpha-Diffuse' not found
Refreshing native plugins compatible for Editor in 13.96 ms, found 16 plugins.
Preloading 2 native plugins for Editor in 0.12 ms.
Unloading 6940 Unused Serialized files (Serialized files now loaded: 0)
Unloading 117 unused Assets / (0.8 MB). Loaded Objects now: 7551.
Memory consumption went from 265.0 MB to 264.3 MB.
Total: 4.254900 ms (FindLiveObjects: 0.542700 ms CreateObjectMapping: 0.343700 ms MarkObjects: 2.984900 ms  DeleteObjects: 0.382100 ms)

AssetImportParameters requested are different than current active one (requested -> active):
  custom:video-decoder-ogg-theora: a1e56fd34408186e4bbccfd4996cb3dc -> 
  custom:container-muxer-webm: aa71ff27fc2769a1b78a27578f13a17b -> 
  custom:container-demuxer-webm: 4f35f7cbe854078d1ac9338744f61a02 -> 
  custom:video-encoder-webm-vp8: eb34c28f22e8b96e1ab97ce403110664 -> 
  custom:video-codec-MediaFoundation-h265: 746d11721c4dcdbdad8f713fa42b33f4 -> 
  custom:audio-encoder-webm-vorbis: bf7c407c2cedff20999df2af8eb42d56 -> 
  custom:framework-win-MediaFoundation: 216162199b28c13a410421893ffa2e32 -> 
  custom:container-demuxer-ogg: 62fdf1f143b41e24485cea50d1cbac27 -> 
  custom:video-decoder-webm-vp8: 9c59270c3fd7afecdb556c50c9e8de78 -> 
  custom:audio-decoder-ogg-vorbis: bf7c407c2cedff20999df2af8eb42d56 -> 
========================================================================
Received Import Request.
  Time since last request: 212.656141 seconds.
  path: Assets/Scenes
  artifactKey: Guid(6ea315d0fd7389c41b19996891e99ae3) Importer(815301076,1909f56bfc062723c751e8b465ee728b)
Start importing Assets/Scenes using Guid(6ea315d0fd7389c41b19996891e99ae3) Importer(815301076,1909f56bfc062723c751e8b465ee728b)  -> (artifact id: 'b8193726cff86800c54781cdc6d54904') in 0.036368 seconds 
========================================================================
Received Import Request.
  Time since last request: 20.984164 seconds.
  path: Assets/Scenes/ProjectScene.unity
  artifactKey: Guid(015846c3617f7db4b81a7b0b5ef5d877) Importer(815301076,1909f56bfc062723c751e8b465ee728b)
Start importing Assets/Scenes/ProjectScene.unity using Guid(015846c3617f7db4b81a7b0b5ef5d877) Importer(815301076,1909f56bfc062723c751e8b465ee728b)  -> (artifact id: '57b74c06e9139b62b9645d5bb67e0483') in 0.008065 seconds 
========================================================================
Received Prepare
Registering precompiled user dll's ...
Registered in 0.023721 seconds.
Begin MonoManager ReloadAssembly
Symbol file LoadedFromMemory doesn't match image C:\Users\npfan\Documents\GitHub\BoardGame\BoardGame\Library\PackageCache\com.unity.visualscripting@1.7.8\Editor\VisualScripting.Core\Dependencies\DotNetZip\Unity.VisualScripting.IonicZip.dll
Symbol file LoadedFromMemory doesn't match image C:\Users\npfan\Documents\GitHub\BoardGame\BoardGame\Library\PackageCache\com.unity.visualscripting@1.7.8\Editor\VisualScripting.Core\Dependencies\YamlDotNet\Unity.VisualScripting.YamlDotNet.dll
Native extension for WindowsStandalone target not found
Native extension for Android target not found
Refreshing native plugins compatible for Editor in 2.94 ms, found 16 plugins.
Preloading 2 native plugins for Editor in 0.19 ms.
Mono: successfully reloaded assembly
- Completed reload, in  1.407 seconds
Domain Reload Profiling:
	ReloadAssembly (1407ms)
		BeginReloadAssembly (165ms)
			ExecutionOrderSort (0ms)
			DisableScriptedObjects (7ms)
			BackupInstance (0ms)
			ReleaseScriptingObjects (0ms)
			CreateAndSetChildDomain (59ms)
		EndReloadAssembly (1139ms)
			LoadAssemblies (110ms)
			RebuildTransferFunctionScriptingTraits (0ms)
			SetupTypeCache (351ms)
			ReleaseScriptCaches (3ms)
			RebuildScriptCaches (58ms)
			SetupLoadedEditorAssemblies (552ms)
				LogAssemblyErrors (0ms)
				InitializePlatformSupportModulesInManaged (26ms)
				SetLoadedEditorAssemblies (1ms)
				RefreshPlugins (3ms)
				BeforeProcessingInitializeOnLoad (110ms)
				ProcessInitializeOnLoadAttributes (314ms)
				ProcessInitializeOnLoadMethodAttributes (88ms)
				AfterProcessingInitializeOnLoad (9ms)
				EditorAssembliesLoaded (0ms)
			ExecutionOrderSort2 (0ms)
			AwakeInstancesAfterBackupRestoration (8ms)
Platform modules already initialized, skipping
Shader 'Oculus/OVRMRCameraFrameLit': fallback shader 'Alpha-Diffuse' not found
Refreshing native plugins compatible for Editor in 11.78 ms, found 16 plugins.
Preloading 2 native plugins for Editor in 0.16 ms.
Unloading 6945 Unused Serialized files (Serialized files now loaded: 0)
Unloading 117 unused Assets / (0.8 MB). Loaded Objects now: 7561.
Memory consumption went from 265.9 MB to 265.1 MB.
Total: 4.776100 ms (FindLiveObjects: 0.577700 ms CreateObjectMapping: 0.727300 ms MarkObjects: 3.079300 ms  DeleteObjects: 0.390700 ms)

AssetImportParameters requested are different than current active one (requested -> active):
  custom:video-decoder-ogg-theora: a1e56fd34408186e4bbccfd4996cb3dc -> 
  custom:container-muxer-webm: aa71ff27fc2769a1b78a27578f13a17b -> 
  custom:container-demuxer-webm: 4f35f7cbe854078d1ac9338744f61a02 -> 
  custom:video-encoder-webm-vp8: eb34c28f22e8b96e1ab97ce403110664 -> 
  custom:video-codec-MediaFoundation-h265: 746d11721c4dcdbdad8f713fa42b33f4 -> 
  custom:audio-encoder-webm-vorbis: bf7c407c2cedff20999df2af8eb42d56 -> 
  custom:framework-win-MediaFoundation: 216162199b28c13a410421893ffa2e32 -> 
  custom:container-demuxer-ogg: 62fdf1f143b41e24485cea50d1cbac27 -> 
  custom:video-decoder-webm-vp8: 9c59270c3fd7afecdb556c50c9e8de78 -> 
  custom:audio-decoder-ogg-vorbis: bf7c407c2cedff20999df2af8eb42d56 -> 
========================================================================
Received Import Request.
  Time since last request: 114.049890 seconds.
  path: Assets/Enviroment
  artifactKey: Guid(7fefd8a62c734d2479c190fc37b11204) Importer(815301076,1909f56bfc062723c751e8b465ee728b)
Start importing Assets/Enviroment using Guid(7fefd8a62c734d2479c190fc37b11204) Importer(815301076,1909f56bfc062723c751e8b465ee728b)  -> (artifact id: 'fd410d547093a6a48cd74a753899ff32') in 0.022122 seconds 
========================================================================
Received Import Request.
  Time since last request: 1.003218 seconds.
  path: Assets/Enviroment/enviroment
  artifactKey: Guid(a6091e51b53f91e47914e8bd06622f52) Importer(815301076,1909f56bfc062723c751e8b465ee728b)
Start importing Assets/Enviroment/enviroment using Guid(a6091e51b53f91e47914e8bd06622f52) Importer(815301076,1909f56bfc062723c751e8b465ee728b)  -> (artifact id: '8ffecb9c88504ab788c700b6f67b21a9') in 0.013447 seconds 
========================================================================
Received Import Request.
  Time since last request: 0.736055 seconds.
  path: Assets/Enviroment/enviroment/Office building
  artifactKey: Guid(658c1b494b190084f94669a12e2e30d7) Importer(815301076,1909f56bfc062723c751e8b465ee728b)
Start importing Assets/Enviroment/enviroment/Office building using Guid(658c1b494b190084f94669a12e2e30d7) Importer(815301076,1909f56bfc062723c751e8b465ee728b)  -> (artifact id: '2f5af35116ed768d3819474dc7412d80') in 0.012428 seconds 
========================================================================
Received Import Request.
  Time since last request: 1.823291 seconds.
  path: Assets/Enviroment/enviroment/Office building/Prefabs
  artifactKey: Guid(67b7972e9e22a2741bc2ca125a50f730) Importer(815301076,1909f56bfc062723c751e8b465ee728b)
Start importing Assets/Enviroment/enviroment/Office building/Prefabs using Guid(67b7972e9e22a2741bc2ca125a50f730) Importer(815301076,1909f56bfc062723c751e8b465ee728b)  -> (artifact id: '0dd498a5159cbd80884758cf97e4ebf5') in 0.015899 seconds 
========================================================================
Received Import Request.
  Time since last request: 0.130094 seconds.
  path: Assets/Enviroment/enviroment/Office building/Prefabs/ABC puzzle floor Prefab.prefab
  artifactKey: Guid(91ced13d3de8aaf4998bdbb38fbf3a6b) Importer(815301076,1909f56bfc062723c751e8b465ee728b)
Start importing Assets/Enviroment/enviroment/Office building/Prefabs/ABC puzzle floor Prefab.prefab using Guid(91ced13d3de8aaf4998bdbb38fbf3a6b) Importer(815301076,1909f56bfc062723c751e8b465ee728b)  -> (artifact id: 'b344c229add00dccddf3cf641b2ce031') in 0.544677 seconds 
========================================================================
Received Import Request.
  Time since last request: 0.000032 seconds.
  path: Assets/Enviroment/enviroment/Office building/Prefabs/Exit sign Prefab.prefab
  artifactKey: Guid(2df4114bb280d25418ca52939e84b23f) Importer(815301076,1909f56bfc062723c751e8b465ee728b)
Start importing Assets/Enviroment/enviroment/Office building/Prefabs/Exit sign Prefab.prefab using Guid(2df4114bb280d25418ca52939e84b23f) Importer(815301076,1909f56bfc062723c751e8b465ee728b)  -> (artifact id: 'c5529181ed64a990f20bdee871055459') in 0.034941 seconds 
========================================================================
Received Import Request.
  Time since last request: 0.000041 seconds.
  path: Assets/Enviroment/enviroment/Office building/Prefabs/Bottle Prefab.prefab
  artifactKey: Guid(d8c04594c182fb34b9c6974811467766) Importer(815301076,1909f56bfc062723c751e8b465ee728b)
Start importing Assets/Enviroment/enviroment/Office building/Prefabs/Bottle Prefab.prefab using Guid(d8c04594c182fb34b9c6974811467766) Importer(815301076,1909f56bfc062723c751e8b465ee728b)  -> (artifact id: '76c4d98616e5925b9c41ca961daaaad3') in 0.024060 seconds 
========================================================================
Received Import Request.
  Time since last request: 0.000030 seconds.
  path: Assets/Enviroment/enviroment/Office building/Prefabs/elevator cabin.prefab
  artifactKey: Guid(76e8d021eb5836e49bfcce87afdae867) Importer(815301076,1909f56bfc062723c751e8b465ee728b)
Start importing Assets/Enviroment/enviroment/Office building/Prefabs/elevator cabin.prefab using Guid(76e8d021eb5836e49bfcce87afdae867) Importer(815301076,1909f56bfc062723c751e8b465ee728b)  -> (artifact id: '5e4a7391104c6565cdc84f58bd2e4f64') in 0.042057 seconds 
========================================================================
Received Import Request.
  Time since last request: 0.000036 seconds.
  path: Assets/Enviroment/enviroment/Office building/Prefabs/carton Prefab.prefab
  artifactKey: Guid(dd51500d075471044aa9309d772f5b3e) Importer(815301076,1909f56bfc062723c751e8b465ee728b)
Start importing Assets/Enviroment/enviroment/Office building/Prefabs/carton Prefab.prefab using Guid(dd51500d075471044aa9309d772f5b3e) Importer(815301076,1909f56bfc062723c751e8b465ee728b)  -> (artifact id: '6832881a7143bcfafd01352848e47fef') in 0.024693 seconds 
========================================================================
Received Import Request.
  Time since last request: 0.000037 seconds.
  path: Assets/Enviroment/enviroment/Office building/Prefabs/filing B prefab.prefab
  artifactKey: Guid(fac4ae714c286054c82c1f4e68a3e641) Importer(815301076,1909f56bfc062723c751e8b465ee728b)
Start importing Assets/Enviroment/enviroment/Office building/Prefabs/filing B prefab.prefab using Guid(fac4ae714c286054c82c1f4e68a3e641) Importer(815301076,1909f56bfc062723c751e8b465ee728b)  -> (artifact id: 'adf64a495f42ab70b7d8d4bec893b75e') in 0.025841 seconds 
========================================================================
Received Import Request.
  Time since last request: 0.000034 seconds.
  path: Assets/Enviroment/enviroment/Office building/Prefabs/File cupboard prefab.prefab
  artifactKey: Guid(915dd1cfab33f5842802f4774a95100c) Importer(815301076,1909f56bfc062723c751e8b465ee728b)
Start importing Assets/Enviroment/enviroment/Office building/Prefabs/File cupboard prefab.prefab using Guid(915dd1cfab33f5842802f4774a95100c) Importer(815301076,1909f56bfc062723c751e8b465ee728b)  -> (artifact id: '2cef57e6e4dc4cc8ef88b3600718e532') in 0.023576 seconds 
========================================================================
Received Import Request.
  Time since last request: 0.000034 seconds.
  path: Assets/Enviroment/enviroment/Office building/Prefabs/File box blue Prefab.prefab
  artifactKey: Guid(0cad143f02eeb25428ce49d3d8edf3b9) Importer(815301076,1909f56bfc062723c751e8b465ee728b)
Start importing Assets/Enviroment/enviroment/Office building/Prefabs/File box blue Prefab.prefab using Guid(0cad143f02eeb25428ce49d3d8edf3b9) Importer(815301076,1909f56bfc062723c751e8b465ee728b)  -> (artifact id: 'fa57c772494f0162ff621c64387bc09a') in 0.026575 seconds 
========================================================================
Received Import Request.
  Time since last request: 0.000066 seconds.
  path: Assets/Enviroment/enviroment/Office building/Prefabs/Folder blue prefab.prefab
  artifactKey: Guid(ec8c1db574489b34eb3dce6755765b51) Importer(815301076,1909f56bfc062723c751e8b465ee728b)
Start importing Assets/Enviroment/enviroment/Office building/Prefabs/Folder blue prefab.prefab using Guid(ec8c1db574489b34eb3dce6755765b51) Importer(815301076,1909f56bfc062723c751e8b465ee728b)  -> (artifact id: 'e6131e44953a73306e78df79239b0c85') in 0.023606 seconds 
========================================================================
Received Import Request.
  Time since last request: 0.000030 seconds.
  path: Assets/Enviroment/enviroment/Office building/Prefabs/Folder black prefab.prefab
  artifactKey: Guid(0d02ca7916ae6944a8fd275d889a8ee7) Importer(815301076,1909f56bfc062723c751e8b465ee728b)
Start importing Assets/Enviroment/enviroment/Office building/Prefabs/Folder black prefab.prefab using Guid(0d02ca7916ae6944a8fd275d889a8ee7) Importer(815301076,1909f56bfc062723c751e8b465ee728b)  -> (artifact id: '20ec99a70f413caba177a340cb814ab7') in 0.025086 seconds 
========================================================================
Received Import Request.
  Time since last request: 0.000045 seconds.
  path: Assets/Enviroment/enviroment/Office building/Prefabs/Coffee cup Prefab.prefab
  artifactKey: Guid(a42b76a8ae68dad4fb4fea3eda1ed3d9) Importer(815301076,1909f56bfc062723c751e8b465ee728b)
Start importing Assets/Enviroment/enviroment/Office building/Prefabs/Coffee cup Prefab.prefab using Guid(a42b76a8ae68dad4fb4fea3eda1ed3d9) Importer(815301076,1909f56bfc062723c751e8b465ee728b)  -> (artifact id: '28a3c0f4aa9de0b583da907abb088f37') in 0.024672 seconds 
========================================================================
Received Import Request.
  Time since last request: 0.000027 seconds.
  path: Assets/Enviroment/enviroment/Office building/Prefabs/Couch office 2 Prefab.prefab
  artifactKey: Guid(c928f883aa7cdcf41a6faa362ed971bc) Importer(815301076,1909f56bfc062723c751e8b465ee728b)
Start importing Assets/Enviroment/enviroment/Office building/Prefabs/Couch office 2 Prefab.prefab using Guid(c928f883aa7cdcf41a6faa362ed971bc) Importer(815301076,1909f56bfc062723c751e8b465ee728b)  -> (artifact id: 'fdc452bec8ca73e41bdc8ae34b29c5ad') in 0.023548 seconds 
========================================================================
Received Import Request.
  Time since last request: 0.000036 seconds.
  path: Assets/Enviroment/enviroment/Office building/Prefabs/Cupboard kitchen Prefab.prefab
  artifactKey: Guid(10c5f9ea0e8facd4283453ecc16e0226) Importer(815301076,1909f56bfc062723c751e8b465ee728b)
Start importing Assets/Enviroment/enviroment/Office building/Prefabs/Cupboard kitchen Prefab.prefab using Guid(10c5f9ea0e8facd4283453ecc16e0226) Importer(815301076,1909f56bfc062723c751e8b465ee728b)  -> (artifact id: '2c34e3a379db5d342fe653535e0c9173') in 0.024907 seconds 
========================================================================
Received Import Request.
  Time since last request: 0.000031 seconds.
  path: Assets/Enviroment/enviroment/Office building/Prefabs/Computer Prefab.prefab
  artifactKey: Guid(aa8c32ebce8c36744ba55c97b8513148) Importer(815301076,1909f56bfc062723c751e8b465ee728b)
Start importing Assets/Enviroment/enviroment/Office building/Prefabs/Computer Prefab.prefab using Guid(aa8c32ebce8c36744ba55c97b8513148) Importer(815301076,1909f56bfc062723c751e8b465ee728b)  -> (artifact id: 'd4b937e566ea5f15c15ef90478b0b2a6') in 0.024755 seconds 
========================================================================
Received Import Request.
  Time since last request: 3.181612 seconds.
  path: Assets/Enviroment/enviroment/Office building/Prefabs/Keyboard prefab.prefab
  artifactKey: Guid(ca54b7dbf038dd846af9f43d0b03a8cc) Importer(815301076,1909f56bfc062723c751e8b465ee728b)
Start importing Assets/Enviroment/enviroment/Office building/Prefabs/Keyboard prefab.prefab using Guid(ca54b7dbf038dd846af9f43d0b03a8cc) Importer(815301076,1909f56bfc062723c751e8b465ee728b)  -> (artifact id: '6fa2a57dfe9ad8b5de83cf251af41d3d') in 0.028306 seconds 
========================================================================
Received Import Request.
  Time since last request: 0.000030 seconds.
  path: Assets/Enviroment/enviroment/Office building/Prefabs/Kindergarten cupboard A Prefab.prefab
  artifactKey: Guid(7ec8ee5a1421ff44c9aac46f99eb7a2f) Importer(815301076,1909f56bfc062723c751e8b465ee728b)
Start importing Assets/Enviroment/enviroment/Office building/Prefabs/Kindergarten cupboard A Prefab.prefab using Guid(7ec8ee5a1421ff44c9aac46f99eb7a2f) Importer(815301076,1909f56bfc062723c751e8b465ee728b)  -> (artifact id: 'f38393c7bd7d6ef7e0aaed0fdf2b5c79') in 0.024215 seconds 
========================================================================
Received Import Request.
  Time since last request: 0.000048 seconds.
  path: Assets/Enviroment/enviroment/Office building/Prefabs/Kindergarten table Prefab.prefab
  artifactKey: Guid(5e579841623758e4b88852a225697a9d) Importer(815301076,1909f56bfc062723c751e8b465ee728b)
Start importing Assets/Enviroment/enviroment/Office building/Prefabs/Kindergarten table Prefab.prefab using Guid(5e579841623758e4b88852a225697a9d) Importer(815301076,1909f56bfc062723c751e8b465ee728b)  -> (artifact id: 'dac17209d0dbfed608450c74183ea5d9') in 0.025540 seconds 
========================================================================
Received Import Request.
  Time since last request: 0.000054 seconds.
  path: Assets/Enviroment/enviroment/Office building/Prefabs/Kindergarten Cupboard B Prefab.prefab
  artifactKey: Guid(da44c91f93b60e34d892f29da8410ff7) Importer(815301076,1909f56bfc062723c751e8b465ee728b)
Start importing Assets/Enviroment/enviroment/Office building/Prefabs/Kindergarten Cupboard B Prefab.prefab using Guid(da44c91f93b60e34d892f29da8410ff7) Importer(815301076,1909f56bfc062723c751e8b465ee728b)  -> (artifact id: 'b7eca71c04b440e360ab458146a381dc') in 0.032027 seconds 
========================================================================
Received Import Request.
  Time since last request: 0.000080 seconds.
  path: Assets/Enviroment/enviroment/Office building/Prefabs/Kitchen Chair Prefab.prefab
  artifactKey: Guid(aa7a4ca48de4e4f4f816f5592dbbca1d) Importer(815301076,1909f56bfc062723c751e8b465ee728b)
Start importing Assets/Enviroment/enviroment/Office building/Prefabs/Kitchen Chair Prefab.prefab using Guid(aa7a4ca48de4e4f4f816f5592dbbca1d) Importer(815301076,1909f56bfc062723c751e8b465ee728b)  -> (artifact id: 'f44f7a921ef61d2d94e5c1e25d9ae47c') in 0.078324 seconds 
========================================================================
Received Import Request.
  Time since last request: 0.086455 seconds.
  path: Assets/Enviroment/enviroment/Office building/Prefabs/Kitchen sink Prefab.prefab
  artifactKey: Guid(9625900181000eb44ac38b70b0b4dfbc) Importer(815301076,1909f56bfc062723c751e8b465ee728b)
Start importing Assets/Enviroment/enviroment/Office building/Prefabs/Kitchen sink Prefab.prefab using Guid(9625900181000eb44ac38b70b0b4dfbc) Importer(815301076,1909f56bfc062723c751e8b465ee728b)  -> (artifact id: '53cb4a0fdf64c581e133e8771fe8eb0c') in 0.024903 seconds 
========================================================================
Received Import Request.
  Time since last request: 0.000033 seconds.
  path: Assets/Enviroment/enviroment/Office building/Prefabs/Lamp C Prefab.prefab
  artifactKey: Guid(4f2f0fdda31a14e4283f1712495f8b96) Importer(815301076,1909f56bfc062723c751e8b465ee728b)
Start importing Assets/Enviroment/enviroment/Office building/Prefabs/Lamp C Prefab.prefab using Guid(4f2f0fdda31a14e4283f1712495f8b96) Importer(815301076,1909f56bfc062723c751e8b465ee728b)  -> (artifact id: '4f9449b901db4293f5155cf27cdd61ac') in 0.026459 seconds 
========================================================================
Received Import Request.
  Time since last request: 0.000046 seconds.
  path: Assets/Enviroment/enviroment/Office building/Prefabs/plant 1 Prefab.prefab
  artifactKey: Guid(ebb3fb0024366fa48b1a54ce15e27f7e) Importer(815301076,1909f56bfc062723c751e8b465ee728b)
Start importing Assets/Enviroment/enviroment/Office building/Prefabs/plant 1 Prefab.prefab using Guid(ebb3fb0024366fa48b1a54ce15e27f7e) Importer(815301076,1909f56bfc062723c751e8b465ee728b)  -> (artifact id: '1483c67f04309cbc83734fa26e763e1e') in 0.822981 seconds 
========================================================================
Received Import Request.
  Time since last request: 0.000034 seconds.
  path: Assets/Enviroment/enviroment/Office building/Prefabs/Storage sign Prefab.prefab
  artifactKey: Guid(731e7a769243e0e438355e5d96f2b365) Importer(815301076,1909f56bfc062723c751e8b465ee728b)
Start importing Assets/Enviroment/enviroment/Office building/Prefabs/Storage sign Prefab.prefab using Guid(731e7a769243e0e438355e5d96f2b365) Importer(815301076,1909f56bfc062723c751e8b465ee728b)  -> (artifact id: '5e404f7ff79ae341cce05d27518d03ea') in 0.023935 seconds 
========================================================================
Received Import Request.
  Time since last request: 0.000047 seconds.
  path: Assets/Enviroment/enviroment/Office building/Prefabs/Table Prefab.prefab
  artifactKey: Guid(522b38699cfba0647824ba6d7d12884a) Importer(815301076,1909f56bfc062723c751e8b465ee728b)
Start importing Assets/Enviroment/enviroment/Office building/Prefabs/Table Prefab.prefab using Guid(522b38699cfba0647824ba6d7d12884a) Importer(815301076,1909f56bfc062723c751e8b465ee728b)  -> (artifact id: 'f75e2d0aa413a95ab8a73e65f7d2e68f') in 0.025284 seconds 
========================================================================
Received Import Request.
  Time since last request: 0.000030 seconds.
  path: Assets/Enviroment/enviroment/Office building/Prefabs/Toilet sign Prefab.prefab
  artifactKey: Guid(60703c96bc9c6524ab54de501c41d6a1) Importer(815301076,1909f56bfc062723c751e8b465ee728b)
Start importing Assets/Enviroment/enviroment/Office building/Prefabs/Toilet sign Prefab.prefab using Guid(60703c96bc9c6524ab54de501c41d6a1) Importer(815301076,1909f56bfc062723c751e8b465ee728b)  -> (artifact id: '05bd52a5d71c9de621bdf89f09066625') in 0.027573 seconds 
========================================================================
Received Import Request.
  Time since last request: 0.000045 seconds.
  path: Assets/Enviroment/enviroment/Office building/Prefabs/Phone B Prefab.prefab
  artifactKey: Guid(8b26c8f91a9e9924198c42094bd268fb) Importer(815301076,1909f56bfc062723c751e8b465ee728b)
Start importing Assets/Enviroment/enviroment/Office building/Prefabs/Phone B Prefab.prefab using Guid(8b26c8f91a9e9924198c42094bd268fb) Importer(815301076,1909f56bfc062723c751e8b465ee728b)  -> (artifact id: '92a3cda3613102ff3f03aa950f6694bb') in 0.029600 seconds 
========================================================================
Received Import Request.
  Time since last request: 0.000043 seconds.
  path: Assets/Enviroment/enviroment/Office building/Prefabs/Storage box grey prefab.prefab
  artifactKey: Guid(2d613286f37c7964b8998d01106aad6a) Importer(815301076,1909f56bfc062723c751e8b465ee728b)
Start importing Assets/Enviroment/enviroment/Office building/Prefabs/Storage box grey prefab.prefab using Guid(2d613286f37c7964b8998d01106aad6a) Importer(815301076,1909f56bfc062723c751e8b465ee728b)  -> (artifact id: '68efcfbdc9a0f9e5f1d6d0fdbb94e06e') in 0.022766 seconds 
========================================================================
Received Import Request.
  Time since last request: 0.000033 seconds.
  path: Assets/Enviroment/enviroment/Office building/Prefabs/Plant 2 prefab.prefab
  artifactKey: Guid(c7e13309d6fe92b44aeae0c3ce40fab7) Importer(815301076,1909f56bfc062723c751e8b465ee728b)
Start importing Assets/Enviroment/enviroment/Office building/Prefabs/Plant 2 prefab.prefab using Guid(c7e13309d6fe92b44aeae0c3ce40fab7) Importer(815301076,1909f56bfc062723c751e8b465ee728b)  -> (artifact id: '2ea49977b9e537906dfd344c68152aab') in 0.023817 seconds 
========================================================================
Received Import Request.
  Time since last request: 0.000032 seconds.
  path: Assets/Enviroment/enviroment/Office building/Prefabs/Office chair.001 Prefab.prefab
  artifactKey: Guid(4b4f09798bc92114e8a7b2feb68396fa) Importer(815301076,1909f56bfc062723c751e8b465ee728b)
Start importing Assets/Enviroment/enviroment/Office building/Prefabs/Office chair.001 Prefab.prefab using Guid(4b4f09798bc92114e8a7b2feb68396fa) Importer(815301076,1909f56bfc062723c751e8b465ee728b)  -> (artifact id: 'f545d8078115e2838ba7f9c05d7f4b8a') in 0.023958 seconds 
========================================================================
Received Import Request.
  Time since last request: 0.000036 seconds.
  path: Assets/Enviroment/enviroment/Office building/Prefabs/Kitchen Table B Prefab.prefab
  artifactKey: Guid(089237fd08f11db42ab1767dcdf3b0b8) Importer(815301076,1909f56bfc062723c751e8b465ee728b)
Start importing Assets/Enviroment/enviroment/Office building/Prefabs/Kitchen Table B Prefab.prefab using Guid(089237fd08f11db42ab1767dcdf3b0b8) Importer(815301076,1909f56bfc062723c751e8b465ee728b)  -> (artifact id: '10a96cd043bdee0427803c6c0fdfcbab') in 0.027532 seconds 
========================================================================
Received Import Request.
  Time since last request: 0.000120 seconds.
  path: Assets/Enviroment/enviroment/Office building/Prefabs/Sign securety only Prefab.prefab
  artifactKey: Guid(2e78930ef070a334990dba032ebe04a1) Importer(815301076,1909f56bfc062723c751e8b465ee728b)
Start importing Assets/Enviroment/enviroment/Office building/Prefabs/Sign securety only Prefab.prefab using Guid(2e78930ef070a334990dba032ebe04a1) Importer(815301076,1909f56bfc062723c751e8b465ee728b)  -> (artifact id: 'e0eaa731ccbbf8a6f2d58d7741d76e6f') in 0.029758 seconds 
========================================================================
Received Import Request.
  Time since last request: 0.000034 seconds.
  path: Assets/Enviroment/enviroment/Office building/Prefabs/mattress Prefab.prefab
  artifactKey: Guid(7a91100f34a8ab84aaa1a2fb0014324d) Importer(815301076,1909f56bfc062723c751e8b465ee728b)
Start importing Assets/Enviroment/enviroment/Office building/Prefabs/mattress Prefab.prefab using Guid(7a91100f34a8ab84aaa1a2fb0014324d) Importer(815301076,1909f56bfc062723c751e8b465ee728b)  -> (artifact id: '01314cbb5e0550aaabdc9c7749ba0f8f') in 0.024767 seconds 
========================================================================
Received Import Request.
  Time since last request: 0.000034 seconds.
  path: Assets/Enviroment/enviroment/Office building/Prefabs/Pen holder Prefab.prefab
  artifactKey: Guid(91ca78bf8be64314ab883fa8eda91dcf) Importer(815301076,1909f56bfc062723c751e8b465ee728b)
Start importing Assets/Enviroment/enviroment/Office building/Prefabs/Pen holder Prefab.prefab using Guid(91ca78bf8be64314ab883fa8eda91dcf) Importer(815301076,1909f56bfc062723c751e8b465ee728b)  -> (artifact id: '94a116997316c1e939b3aeb451064e46') in 0.028233 seconds 
========================================================================
Received Import Request.
  Time since last request: 0.000040 seconds.
  path: Assets/Enviroment/enviroment/Office building/Prefabs/Locker Prefab.prefab
  artifactKey: Guid(389090492d551b942b78aac876151bf4) Importer(815301076,1909f56bfc062723c751e8b465ee728b)
Start importing Assets/Enviroment/enviroment/Office building/Prefabs/Locker Prefab.prefab using Guid(389090492d551b942b78aac876151bf4) Importer(815301076,1909f56bfc062723c751e8b465ee728b)  -> (artifact id: '422e8f8b2227a56ca16d8d4a92bc7dec') in 0.024483 seconds 
========================================================================
Received Import Request.
  Time since last request: 0.000030 seconds.
  path: Assets/Enviroment/enviroment/Office building/Prefabs/Toilet Prefab.prefab
  artifactKey: Guid(d5b80a7f12599104087095e8c5f6baf1) Importer(815301076,1909f56bfc062723c751e8b465ee728b)
Start importing Assets/Enviroment/enviroment/Office building/Prefabs/Toilet Prefab.prefab using Guid(d5b80a7f12599104087095e8c5f6baf1) Importer(815301076,1909f56bfc062723c751e8b465ee728b)  -> (artifact id: '9a6e83f5c24a54c9b19f995915feaf97') in 0.025313 seconds 
========================================================================
Received Import Request.
  Time since last request: 0.000036 seconds.
  path: Assets/Enviroment/enviroment/Office building/Prefabs/Trash bin Prefab.prefab
  artifactKey: Guid(4e0bc8274a648084d99f2c41d46f9a52) Importer(815301076,1909f56bfc062723c751e8b465ee728b)
Start importing Assets/Enviroment/enviroment/Office building/Prefabs/Trash bin Prefab.prefab using Guid(4e0bc8274a648084d99f2c41d46f9a52) Importer(815301076,1909f56bfc062723c751e8b465ee728b)  -> (artifact id: '5fafa30231d831f7e4d9c0481d96c3c2') in 0.022439 seconds 
========================================================================
Received Import Request.
  Time since last request: 0.000050 seconds.
  path: Assets/Enviroment/enviroment/Office building/Prefabs/paper Prefab.prefab
  artifactKey: Guid(f8ec7b4856b8eb747ab5935cec767b15) Importer(815301076,1909f56bfc062723c751e8b465ee728b)
Start importing Assets/Enviroment/enviroment/Office building/Prefabs/paper Prefab.prefab using Guid(f8ec7b4856b8eb747ab5935cec767b15) Importer(815301076,1909f56bfc062723c751e8b465ee728b)  -> (artifact id: 'd90804f8ebde37a981fe58e2d30c8e3a') in 0.022576 seconds 
========================================================================
Received Import Request.
  Time since last request: 0.000029 seconds.
  path: Assets/Enviroment/enviroment/Office building/Prefabs/table B Prefab.prefab
  artifactKey: Guid(54b07283592fc8e45a857de30c6fac3f) Importer(815301076,1909f56bfc062723c751e8b465ee728b)
Start importing Assets/Enviroment/enviroment/Office building/Prefabs/table B Prefab.prefab using Guid(54b07283592fc8e45a857de30c6fac3f) Importer(815301076,1909f56bfc062723c751e8b465ee728b)  -> (artifact id: 'b2645c0bcd40be6a973167a365617882') in 0.024714 seconds 
========================================================================
Received Import Request.
  Time since last request: 0.000037 seconds.
  path: Assets/Enviroment/enviroment/Office building/Prefabs/Noteblock Prefab.prefab
  artifactKey: Guid(ff8234404b4936646a8c285cafb4e648) Importer(815301076,1909f56bfc062723c751e8b465ee728b)
Start importing Assets/Enviroment/enviroment/Office building/Prefabs/Noteblock Prefab.prefab using Guid(ff8234404b4936646a8c285cafb4e648) Importer(815301076,1909f56bfc062723c751e8b465ee728b)  -> (artifact id: 'd0abef348491b809f087691c040dd94c') in 0.022763 seconds 
========================================================================
Received Import Request.
  Time since last request: 0.000036 seconds.
  path: Assets/Enviroment/enviroment/Office building/Prefabs/Office chair Prefab.prefab
  artifactKey: Guid(c1e5af2ff42787c4da9691a81d25269e) Importer(815301076,1909f56bfc062723c751e8b465ee728b)
Start importing Assets/Enviroment/enviroment/Office building/Prefabs/Office chair Prefab.prefab using Guid(c1e5af2ff42787c4da9691a81d25269e) Importer(815301076,1909f56bfc062723c751e8b465ee728b)  -> (artifact id: '22b98432a3244f2bf60c3190ac4bbd6e') in 0.025645 seconds 
========================================================================
Received Import Request.
  Time since last request: 0.000034 seconds.
  path: Assets/Enviroment/enviroment/Office building/Prefabs/Lamp A Prefab.prefab
  artifactKey: Guid(879cb87e1d568e0468212a4ef47d7ae3) Importer(815301076,1909f56bfc062723c751e8b465ee728b)
Start importing Assets/Enviroment/enviroment/Office building/Prefabs/Lamp A Prefab.prefab using Guid(879cb87e1d568e0468212a4ef47d7ae3) Importer(815301076,1909f56bfc062723c751e8b465ee728b)  -> (artifact id: 'aaf78cea52ef2c61de91fc2ca89d5b18') in 0.024427 seconds 
========================================================================
Received Import Request.
  Time since last request: 0.000031 seconds.
  path: Assets/Enviroment/enviroment/Office building/Prefabs/Metal cupboard Prefab.prefab
  artifactKey: Guid(807f5c2ba3781b842bf272cf8b1939ae) Importer(815301076,1909f56bfc062723c751e8b465ee728b)
Start importing Assets/Enviroment/enviroment/Office building/Prefabs/Metal cupboard Prefab.prefab using Guid(807f5c2ba3781b842bf272cf8b1939ae) Importer(815301076,1909f56bfc062723c751e8b465ee728b)  -> (artifact id: '2f59943d85bea3dc9fb314e7e31fabfd') in 0.027444 seconds 
========================================================================
Received Import Request.
  Time since last request: 0.000037 seconds.
  path: Assets/Enviroment/enviroment/Office building/Prefabs/water dispenser prefab.prefab
  artifactKey: Guid(aa937497f8053b449b8c7563868401e1) Importer(815301076,1909f56bfc062723c751e8b465ee728b)
Start importing Assets/Enviroment/enviroment/Office building/Prefabs/water dispenser prefab.prefab using Guid(aa937497f8053b449b8c7563868401e1) Importer(815301076,1909f56bfc062723c751e8b465ee728b)  -> (artifact id: 'cdceee353da783b8c6389df75292ea99') in 0.068111 seconds 
========================================================================
Received Import Request.
  Time since last request: 0.000040 seconds.
  path: Assets/Enviroment/enviroment/Office building/Prefabs/Printer A prefab.prefab
  artifactKey: Guid(376d9b5720043db4e869a7ef729a88a0) Importer(815301076,1909f56bfc062723c751e8b465ee728b)
Start importing Assets/Enviroment/enviroment/Office building/Prefabs/Printer A prefab.prefab using Guid(376d9b5720043db4e869a7ef729a88a0) Importer(815301076,1909f56bfc062723c751e8b465ee728b)  -> (artifact id: 'a9cbcbe9960e2ca230a0e4d1da50d339') in 0.025512 seconds 
========================================================================
Received Import Request.
  Time since last request: 0.000029 seconds.
  path: Assets/Enviroment/enviroment/Office building/Prefabs/Toilet cabine Prefab.prefab
  artifactKey: Guid(14f4f8b01b4d437489dd51800622e198) Importer(815301076,1909f56bfc062723c751e8b465ee728b)
Start importing Assets/Enviroment/enviroment/Office building/Prefabs/Toilet cabine Prefab.prefab using Guid(14f4f8b01b4d437489dd51800622e198) Importer(815301076,1909f56bfc062723c751e8b465ee728b)  -> (artifact id: 'e39c3e03ae37abb367a3f91722d5cf4c') in 0.028243 seconds 
========================================================================
Received Import Request.
  Time since last request: 0.000031 seconds.
  path: Assets/Enviroment/enviroment/Office building/Prefabs/urinal prefab.prefab
  artifactKey: Guid(10c87984ebe07d049b0c3e98d260e17b) Importer(815301076,1909f56bfc062723c751e8b465ee728b)
Start importing Assets/Enviroment/enviroment/Office building/Prefabs/urinal prefab.prefab using Guid(10c87984ebe07d049b0c3e98d260e17b) Importer(815301076,1909f56bfc062723c751e8b465ee728b)  -> (artifact id: '99c9681295564b0c312fbed1a787458e') in 0.025298 seconds 
========================================================================
Received Import Request.
  Time since last request: 0.000038 seconds.
  path: Assets/Enviroment/enviroment/Office building/Prefabs/Plant 3 Prefab.prefab
  artifactKey: Guid(bb4ac9382c724a74b9dd82d157a42bbc) Importer(815301076,1909f56bfc062723c751e8b465ee728b)
Start importing Assets/Enviroment/enviroment/Office building/Prefabs/Plant 3 Prefab.prefab using Guid(bb4ac9382c724a74b9dd82d157a42bbc) Importer(815301076,1909f56bfc062723c751e8b465ee728b)  -> (artifact id: '82dbb309c62d28965d2d942e40131509') in 0.024392 seconds 
Editor requested this worker to shutdown with reason: Scaling down because of idle timeout
AssetImportWorker is now disconnected from the server
Process exiting
Exiting without the bug reporter. Application will terminate with return code 0